[1.404s] Invoking command in '/home/mvfs/Python_SM/Pytransitions/Drone/ROS2JJ/src/simple_ros2_machine': DEBUGINFOD_URLS=https://debuginfod.ubuntu.com PYTHONPATH=/home/mvfs/Python_SM/Pytransitions/Drone/ROS2JJ/build/simple_ros2_machine/prefix_override:/usr/lib/python3/dist-packages/colcon_core/task/python/colcon_distutils_commands:/home/mvfs/Python_SM/Pytransitions/Drone/ROS2JJ/install/simple_ros2_machine/lib/python3.12/site-packages:${PYTHONPATH} VIRTUAL_ENV_PROMPT=(.venv) /usr/bin/python3 -W ignore:setup.py install is deprecated -W ignore:easy_install command is deprecated setup.py egg_info --egg-base ../../build/simple_ros2_machine build --build-base /home/mvfs/Python_SM/Pytransitions/Drone/ROS2JJ/build/simple_ros2_machine/build install --record /home/mvfs/Python_SM/Pytransitions/Drone/ROS2JJ/build/simple_ros2_machine/install.log --single-version-externally-managed install_data
[1.771s] running egg_info
[1.771s] creating ../../build/simple_ros2_machine/simple_ros2_machine.egg-info
[1.796s] writing ../../build/simple_ros2_machine/simple_ros2_machine.egg-info/PKG-INFO
[1.796s] writing dependency_links to ../../build/simple_ros2_machine/simple_ros2_machine.egg-info/dependency_links.txt
[1.797s] writing requirements to ../../build/simple_ros2_machine/simple_ros2_machine.egg-info/requires.txt
[1.797s] writing top-level names to ../../build/simple_ros2_machine/simple_ros2_machine.egg-info/top_level.txt
[1.797s] writing manifest file '../../build/simple_ros2_machine/simple_ros2_machine.egg-info/SOURCES.txt'
[1.857s] reading manifest file '../../build/simple_ros2_machine/simple_ros2_machine.egg-info/SOURCES.txt'
[1.857s] adding license file 'LICENSE'
[1.858s] writing manifest file '../../build/simple_ros2_machine/simple_ros2_machine.egg-info/SOURCES.txt'
[1.858s] running build
[1.858s] running build_py
[1.859s] creating /home/mvfs/Python_SM/Pytransitions/Drone/ROS2JJ/build/simple_ros2_machine/build
[1.859s] creating /home/mvfs/Python_SM/Pytransitions/Drone/ROS2JJ/build/simple_ros2_machine/build/lib
[1.859s] creating /home/mvfs/Python_SM/Pytransitions/Drone/ROS2JJ/build/simple_ros2_machine/build/lib/simple_ros2_machine
[1.859s] copying simple_ros2_machine/__init__.py -> /home/mvfs/Python_SM/Pytransitions/Drone/ROS2JJ/build/simple_ros2_machine/build/lib/simple_ros2_machine
[1.859s] running install
[1.867s] running install_lib
[1.892s] creating /home/mvfs/Python_SM/Pytransitions/Drone/ROS2JJ/install/simple_ros2_machine/lib/python3.12/site-packages/simple_ros2_machine
[1.893s] copying /home/mvfs/Python_SM/Pytransitions/Drone/ROS2JJ/build/simple_ros2_machine/build/lib/simple_ros2_machine/__init__.py -> /home/mvfs/Python_SM/Pytransitions/Drone/ROS2JJ/install/simple_ros2_machine/lib/python3.12/site-packages/simple_ros2_machine
[1.893s] byte-compiling /home/mvfs/Python_SM/Pytransitions/Drone/ROS2JJ/install/simple_ros2_machine/lib/python3.12/site-packages/simple_ros2_machine/__init__.py to __init__.cpython-312.pyc
[1.893s] running install_data
[1.894s] creating /home/mvfs/Python_SM/Pytransitions/Drone/ROS2JJ/install/simple_ros2_machine/share/ament_index
[1.894s] creating /home/mvfs/Python_SM/Pytransitions/Drone/ROS2JJ/install/simple_ros2_machine/share/ament_index/resource_index
[1.894s] creating /home/mvfs/Python_SM/Pytransitions/Drone/ROS2JJ/install/simple_ros2_machine/share/ament_index/resource_index/packages
[1.894s] copying resource/simple_ros2_machine -> /home/mvfs/Python_SM/Pytransitions/Drone/ROS2JJ/install/simple_ros2_machine/share/ament_index/resource_index/packages
[1.894s] copying package.xml -> /home/mvfs/Python_SM/Pytransitions/Drone/ROS2JJ/install/simple_ros2_machine/share/simple_ros2_machine
[1.895s] running install_egg_info
[1.927s] Copying ../../build/simple_ros2_machine/simple_ros2_machine.egg-info to /home/mvfs/Python_SM/Pytransitions/Drone/ROS2JJ/install/simple_ros2_machine/lib/python3.12/site-packages/simple_ros2_machine-0.0.0-py3.12.egg-info
[1.928s] running install_scripts
[2.107s] writing list of installed files to '/home/mvfs/Python_SM/Pytransitions/Drone/ROS2JJ/build/simple_ros2_machine/install.log'
[2.145s] Invoked command in '/home/mvfs/Python_SM/Pytransitions/Drone/ROS2JJ/src/simple_ros2_machine' returned '0': DEBUGINFOD_URLS=https://debuginfod.ubuntu.com PYTHONPATH=/home/mvfs/Python_SM/Pytransitions/Drone/ROS2JJ/build/simple_ros2_machine/prefix_override:/usr/lib/python3/dist-packages/colcon_core/task/python/colcon_distutils_commands:/home/mvfs/Python_SM/Pytransitions/Drone/ROS2JJ/install/simple_ros2_machine/lib/python3.12/site-packages:${PYTHONPATH} VIRTUAL_ENV_PROMPT=(.venv) /usr/bin/python3 -W ignore:setup.py install is deprecated -W ignore:easy_install command is deprecated setup.py egg_info --egg-base ../../build/simple_ros2_machine build --build-base /home/mvfs/Python_SM/Pytransitions/Drone/ROS2JJ/build/simple_ros2_machine/build install --record /home/mvfs/Python_SM/Pytransitions/Drone/ROS2JJ/build/simple_ros2_machine/install.log --single-version-externally-managed install_data
