[1.326s] Invoking command in '/home/mvfs/Python_SM/Pytransitions/ROS2JJ/src/simple_ros2_machine': DEBUGINFOD_URLS=https://debuginfod.ubuntu.com PYTHONPATH=/home/mvfs/Python_SM/Pytransitions/ROS2JJ/build/simple_ros2_machine/prefix_override:/usr/lib/python3/dist-packages/colcon_core/task/python/colcon_distutils_commands:/home/mvfs/Python_SM/Pytransitions/ROS2JJ/install/simple_ros2_machine/lib/python3.12/site-packages:${PYTHONPATH} VIRTUAL_ENV_PROMPT=(.venv) /usr/bin/python3 -W ignore:setup.py install is deprecated -W ignore:easy_install command is deprecated setup.py egg_info --egg-base ../../build/simple_ros2_machine build --build-base /home/mvfs/Python_SM/Pytransitions/ROS2JJ/build/simple_ros2_machine/build install --record /home/mvfs/Python_SM/Pytransitions/ROS2JJ/build/simple_ros2_machine/install.log --single-version-externally-managed install_data
[1.856s] running egg_info
[1.918s] writing ../../build/simple_ros2_machine/simple_ros2_machine.egg-info/PKG-INFO
[1.919s] writing dependency_links to ../../build/simple_ros2_machine/simple_ros2_machine.egg-info/dependency_links.txt
[1.919s] writing requirements to ../../build/simple_ros2_machine/simple_ros2_machine.egg-info/requires.txt
[1.920s] writing top-level names to ../../build/simple_ros2_machine/simple_ros2_machine.egg-info/top_level.txt
[2.049s] reading manifest file '../../build/simple_ros2_machine/simple_ros2_machine.egg-info/SOURCES.txt'
[2.050s] adding license file 'LICENSE'
[2.051s] writing manifest file '../../build/simple_ros2_machine/simple_ros2_machine.egg-info/SOURCES.txt'
[2.052s] running build
[2.052s] running build_py
[2.053s] copying simple_ros2_machine/machine1_treads.py -> /home/mvfs/Python_SM/Pytransitions/ROS2JJ/build/simple_ros2_machine/build/lib/simple_ros2_machine
[2.053s] running install
[2.068s] running install_lib
[2.143s] copying /home/mvfs/Python_SM/Pytransitions/ROS2JJ/build/simple_ros2_machine/build/lib/simple_ros2_machine/machine1_treads.py -> /home/mvfs/Python_SM/Pytransitions/ROS2JJ/install/simple_ros2_machine/lib/python3.12/site-packages/simple_ros2_machine
[2.144s] byte-compiling /home/mvfs/Python_SM/Pytransitions/ROS2JJ/install/simple_ros2_machine/lib/python3.12/site-packages/simple_ros2_machine/machine1_treads.py to machine1_treads.cpython-312.pyc
[2.149s] running install_data
[2.149s] running install_egg_info
[2.214s] removing '/home/mvfs/Python_SM/Pytransitions/ROS2JJ/install/simple_ros2_machine/lib/python3.12/site-packages/simple_ros2_machine-0.0.0-py3.12.egg-info' (and everything under it)
[2.215s] Copying ../../build/simple_ros2_machine/simple_ros2_machine.egg-info to /home/mvfs/Python_SM/Pytransitions/ROS2JJ/install/simple_ros2_machine/lib/python3.12/site-packages/simple_ros2_machine-0.0.0-py3.12.egg-info
[2.218s] running install_scripts
[2.648s] writing list of installed files to '/home/mvfs/Python_SM/Pytransitions/ROS2JJ/build/simple_ros2_machine/install.log'
[2.734s] Invoked command in '/home/mvfs/Python_SM/Pytransitions/ROS2JJ/src/simple_ros2_machine' returned '0': DEBUGINFOD_URLS=https://debuginfod.ubuntu.com PYTHONPATH=/home/mvfs/Python_SM/Pytransitions/ROS2JJ/build/simple_ros2_machine/prefix_override:/usr/lib/python3/dist-packages/colcon_core/task/python/colcon_distutils_commands:/home/mvfs/Python_SM/Pytransitions/ROS2JJ/install/simple_ros2_machine/lib/python3.12/site-packages:${PYTHONPATH} VIRTUAL_ENV_PROMPT=(.venv) /usr/bin/python3 -W ignore:setup.py install is deprecated -W ignore:easy_install command is deprecated setup.py egg_info --egg-base ../../build/simple_ros2_machine build --build-base /home/mvfs/Python_SM/Pytransitions/ROS2JJ/build/simple_ros2_machine/build install --record /home/mvfs/Python_SM/Pytransitions/ROS2JJ/build/simple_ros2_machine/install.log --single-version-externally-managed install_data
