[1.367s] Invoking command in '/home/mvfs/Python_SM/Pytransitions/ROS2JJ/src/Drone': DEBUGINFOD_URLS=https://debuginfod.ubuntu.com PYTHONPATH=/home/mvfs/Python_SM/Pytransitions/ROS2JJ/build/Drone/prefix_override:/usr/lib/python3/dist-packages/colcon_core/task/python/colcon_distutils_commands:/home/mvfs/Python_SM/Pytransitions/ROS2JJ/install/Drone/lib/python3.12/site-packages:${PYTHONPATH} VIRTUAL_ENV_PROMPT=(.venv) /usr/bin/python3 -W ignore:setup.py install is deprecated -W ignore:easy_install command is deprecated setup.py egg_info --egg-base ../../build/Drone build --build-base /home/mvfs/Python_SM/Pytransitions/ROS2JJ/build/Drone/build install --record /home/mvfs/Python_SM/Pytransitions/ROS2JJ/build/Drone/install.log --single-version-externally-managed install_data
[1.725s] running egg_info
[1.752s] writing ../../build/Drone/Drone.egg-info/PKG-INFO
[1.752s] writing dependency_links to ../../build/Drone/Drone.egg-info/dependency_links.txt
[1.752s] writing entry points to ../../build/Drone/Drone.egg-info/entry_points.txt
[1.753s] writing requirements to ../../build/Drone/Drone.egg-info/requires.txt
[1.753s] writing top-level names to ../../build/Drone/Drone.egg-info/top_level.txt
[1.807s] reading manifest file '../../build/Drone/Drone.egg-info/SOURCES.txt'
[1.807s] adding license file 'LICENSE'
[1.808s] writing manifest file '../../build/Drone/Drone.egg-info/SOURCES.txt'
[1.808s] running build
[1.809s] running build_py
[1.809s] running install
[1.822s] running install_lib
[1.852s] running install_data
[1.852s] running install_egg_info
[1.879s] removing '/home/mvfs/Python_SM/Pytransitions/ROS2JJ/install/Drone/lib/python3.12/site-packages/Drone-0.0.0-py3.12.egg-info' (and everything under it)
[1.879s] Copying ../../build/Drone/Drone.egg-info to /home/mvfs/Python_SM/Pytransitions/ROS2JJ/install/Drone/lib/python3.12/site-packages/Drone-0.0.0-py3.12.egg-info
[1.880s] running install_scripts
[2.068s] Installing PMSMROS script to /home/mvfs/Python_SM/Pytransitions/ROS2JJ/install/Drone/lib/Drone
[2.069s] writing list of installed files to '/home/mvfs/Python_SM/Pytransitions/ROS2JJ/build/Drone/install.log'
[2.106s] Invoked command in '/home/mvfs/Python_SM/Pytransitions/ROS2JJ/src/Drone' returned '0': DEBUGINFOD_URLS=https://debuginfod.ubuntu.com PYTHONPATH=/home/mvfs/Python_SM/Pytransitions/ROS2JJ/build/Drone/prefix_override:/usr/lib/python3/dist-packages/colcon_core/task/python/colcon_distutils_commands:/home/mvfs/Python_SM/Pytransitions/ROS2JJ/install/Drone/lib/python3.12/site-packages:${PYTHONPATH} VIRTUAL_ENV_PROMPT=(.venv) /usr/bin/python3 -W ignore:setup.py install is deprecated -W ignore:easy_install command is deprecated setup.py egg_info --egg-base ../../build/Drone build --build-base /home/mvfs/Python_SM/Pytransitions/ROS2JJ/build/Drone/build install --record /home/mvfs/Python_SM/Pytransitions/ROS2JJ/build/Drone/install.log --single-version-externally-managed install_data
