[0.124s] DEBUG:colcon:Command line arguments: ['/usr/bin/colcon', 'build']
[0.124s] DEBUG:colcon:Parsed command line arguments: Namespace(log_base=None, log_level=None, verb_name='build', build_base='build', install_base='install', merge_install=False, symlink_install=False, test_result_base=None, continue_on_error=False, executor='parallel', parallel_workers=8, event_handlers=None, ignore_user_meta=False, metas=['./colcon.meta'], base_paths=['.'], packages_ignore=None, packages_ignore_regex=None, paths=None, packages_up_to=None, packages_up_to_regex=None, packages_above=None, packages_above_and_dependencies=None, packages_above_depth=None, packages_select_by_dep=None, packages_skip_by_dep=None, packages_skip_up_to=None, packages_select_build_failed=False, packages_skip_build_finished=False, packages_select_test_failures=False, packages_skip_test_passed=False, packages_select=None, packages_skip=None, packages_select_regex=None, packages_skip_regex=None, packages_start=None, packages_end=None, allow_overriding=[], cmake_args=None, cmake_target=None, cmake_target_skip_unavailable=False, cmake_clean_cache=False, cmake_clean_first=False, cmake_force_configure=False, ament_cmake_args=None, catkin_cmake_args=None, catkin_skip_building_tests=False, mixin_files=None, mixin=None, verb_parser=<colcon_mixin.mixin.mixin_argument.MixinArgumentDecorator object at 0x7885d1295040>, verb_extension=<colcon_core.verb.build.BuildVerb object at 0x7885d13cd580>, main=<bound method BuildVerb.main of <colcon_core.verb.build.BuildVerb object at 0x7885d13cd580>>, mixin_verb=('build',))
[0.167s] Level 1:colcon.colcon_core.package_discovery:discover_packages(colcon_meta) check parameters
[0.167s] Level 1:colcon.colcon_core.package_discovery:discover_packages(recursive) check parameters
[0.167s] Level 1:colcon.colcon_core.package_discovery:discover_packages(ignore) check parameters
[0.167s] Level 1:colcon.colcon_core.package_discovery:discover_packages(path) check parameters
[0.167s] Level 1:colcon.colcon_core.package_discovery:discover_packages(colcon_meta) discover
[0.167s] Level 1:colcon.colcon_core.package_discovery:discover_packages(recursive) discover
[0.168s] INFO:colcon.colcon_core.package_discovery:Crawling recursively for packages in '/home/mvfs/Python_SM/Pytransitions/ROS2JJ'
[0.168s] Level 1:colcon.colcon_core.package_identification:_identify(.) by extensions ['ignore', 'ignore_ament_install']
[0.168s] Level 1:colcon.colcon_core.package_identification:_identify(.) by extension 'ignore'
[0.168s] Level 1:colcon.colcon_core.package_identification:_identify(.) by extension 'ignore_ament_install'
[0.168s] Level 1:colcon.colcon_core.package_identification:_identify(.) by extensions ['colcon_pkg']
[0.168s] Level 1:colcon.colcon_core.package_identification:_identify(.) by extension 'colcon_pkg'
[0.168s] Level 1:colcon.colcon_core.package_identification:_identify(.) by extensions ['colcon_meta']
[0.168s] Level 1:colcon.colcon_core.package_identification:_identify(.) by extension 'colcon_meta'
[0.168s] Level 1:colcon.colcon_core.package_identification:_identify(.) by extensions ['ros']
[0.168s] Level 1:colcon.colcon_core.package_identification:_identify(.) by extension 'ros'
[0.197s] Level 1:colcon.colcon_core.package_identification:_identify(.) by extensions ['cmake', 'python']
[0.198s] Level 1:colcon.colcon_core.package_identification:_identify(.) by extension 'cmake'
[0.198s] Level 1:colcon.colcon_core.package_identification:_identify(.) by extension 'python'
[0.198s] Level 1:colcon.colcon_core.package_identification:_identify(.) by extensions ['python_setup_py']
[0.198s] Level 1:colcon.colcon_core.package_identification:_identify(.) by extension 'python_setup_py'
[0.198s] Level 1:colcon.colcon_core.package_identification:_identify(Pytransitions) by extensions ['ignore', 'ignore_ament_install']
[0.198s] Level 1:colcon.colcon_core.package_identification:_identify(Pytransitions) by extension 'ignore'
[0.198s] Level 1:colcon.colcon_core.package_identification:_identify(Pytransitions) by extension 'ignore_ament_install'
[0.198s] Level 1:colcon.colcon_core.package_identification:_identify(Pytransitions) by extensions ['colcon_pkg']
[0.198s] Level 1:colcon.colcon_core.package_identification:_identify(Pytransitions) by extension 'colcon_pkg'
[0.198s] Level 1:colcon.colcon_core.package_identification:_identify(Pytransitions) by extensions ['colcon_meta']
[0.198s] Level 1:colcon.colcon_core.package_identification:_identify(Pytransitions) by extension 'colcon_meta'
[0.198s] Level 1:colcon.colcon_core.package_identification:_identify(Pytransitions) by extensions ['ros']
[0.198s] Level 1:colcon.colcon_core.package_identification:_identify(Pytransitions) by extension 'ros'
[0.198s] Level 1:colcon.colcon_core.package_identification:_identify(Pytransitions) by extensions ['cmake', 'python']
[0.198s] Level 1:colcon.colcon_core.package_identification:_identify(Pytransitions) by extension 'cmake'
[0.198s] Level 1:colcon.colcon_core.package_identification:_identify(Pytransitions) by extension 'python'
[0.199s] Level 1:colcon.colcon_core.package_identification:_identify(Pytransitions) by extensions ['python_setup_py']
[0.199s] Level 1:colcon.colcon_core.package_identification:_identify(Pytransitions) by extension 'python_setup_py'
[0.199s] Level 1:colcon.colcon_core.package_identification:_identify(Pytransitions/ROS2JJ) by extensions ['ignore', 'ignore_ament_install']
[0.199s] Level 1:colcon.colcon_core.package_identification:_identify(Pytransitions/ROS2JJ) by extension 'ignore'
[0.199s] Level 1:colcon.colcon_core.package_identification:_identify(Pytransitions/ROS2JJ) by extension 'ignore_ament_install'
[0.199s] Level 1:colcon.colcon_core.package_identification:_identify(Pytransitions/ROS2JJ) by extensions ['colcon_pkg']
[0.199s] Level 1:colcon.colcon_core.package_identification:_identify(Pytransitions/ROS2JJ) by extension 'colcon_pkg'
[0.199s] Level 1:colcon.colcon_core.package_identification:_identify(Pytransitions/ROS2JJ) by extensions ['colcon_meta']
[0.199s] Level 1:colcon.colcon_core.package_identification:_identify(Pytransitions/ROS2JJ) by extension 'colcon_meta'
[0.199s] Level 1:colcon.colcon_core.package_identification:_identify(Pytransitions/ROS2JJ) by extensions ['ros']
[0.199s] Level 1:colcon.colcon_core.package_identification:_identify(Pytransitions/ROS2JJ) by extension 'ros'
[0.199s] Level 1:colcon.colcon_core.package_identification:_identify(Pytransitions/ROS2JJ) by extensions ['cmake', 'python']
[0.199s] Level 1:colcon.colcon_core.package_identification:_identify(Pytransitions/ROS2JJ) by extension 'cmake'
[0.199s] Level 1:colcon.colcon_core.package_identification:_identify(Pytransitions/ROS2JJ) by extension 'python'
[0.199s] Level 1:colcon.colcon_core.package_identification:_identify(Pytransitions/ROS2JJ) by extensions ['python_setup_py']
[0.199s] Level 1:colcon.colcon_core.package_identification:_identify(Pytransitions/ROS2JJ) by extension 'python_setup_py'
[0.199s] Level 1:colcon.colcon_core.package_identification:_identify(Pytransitions/ROS2JJ/src) by extensions ['ignore', 'ignore_ament_install']
[0.200s] Level 1:colcon.colcon_core.package_identification:_identify(Pytransitions/ROS2JJ/src) by extension 'ignore'
[0.200s] Level 1:colcon.colcon_core.package_identification:_identify(Pytransitions/ROS2JJ/src) by extension 'ignore_ament_install'
[0.200s] Level 1:colcon.colcon_core.package_identification:_identify(Pytransitions/ROS2JJ/src) by extensions ['colcon_pkg']
[0.200s] Level 1:colcon.colcon_core.package_identification:_identify(Pytransitions/ROS2JJ/src) by extension 'colcon_pkg'
[0.200s] Level 1:colcon.colcon_core.package_identification:_identify(Pytransitions/ROS2JJ/src) by extensions ['colcon_meta']
[0.200s] Level 1:colcon.colcon_core.package_identification:_identify(Pytransitions/ROS2JJ/src) by extension 'colcon_meta'
[0.200s] Level 1:colcon.colcon_core.package_identification:_identify(Pytransitions/ROS2JJ/src) by extensions ['ros']
[0.200s] Level 1:colcon.colcon_core.package_identification:_identify(Pytransitions/ROS2JJ/src) by extension 'ros'
[0.200s] Level 1:colcon.colcon_core.package_identification:_identify(Pytransitions/ROS2JJ/src) by extensions ['cmake', 'python']
[0.200s] Level 1:colcon.colcon_core.package_identification:_identify(Pytransitions/ROS2JJ/src) by extension 'cmake'
[0.200s] Level 1:colcon.colcon_core.package_identification:_identify(Pytransitions/ROS2JJ/src) by extension 'python'
[0.200s] Level 1:colcon.colcon_core.package_identification:_identify(Pytransitions/ROS2JJ/src) by extensions ['python_setup_py']
[0.200s] Level 1:colcon.colcon_core.package_identification:_identify(Pytransitions/ROS2JJ/src) by extension 'python_setup_py'
[0.200s] Level 1:colcon.colcon_core.package_identification:_identify(Pytransitions/ROS2JJ/src/simple_ros2_machine) by extensions ['ignore', 'ignore_ament_install']
[0.201s] Level 1:colcon.colcon_core.package_identification:_identify(Pytransitions/ROS2JJ/src/simple_ros2_machine) by extension 'ignore'
[0.201s] Level 1:colcon.colcon_core.package_identification:_identify(Pytransitions/ROS2JJ/src/simple_ros2_machine) by extension 'ignore_ament_install'
[0.201s] Level 1:colcon.colcon_core.package_identification:_identify(Pytransitions/ROS2JJ/src/simple_ros2_machine) by extensions ['colcon_pkg']
[0.201s] Level 1:colcon.colcon_core.package_identification:_identify(Pytransitions/ROS2JJ/src/simple_ros2_machine) by extension 'colcon_pkg'
[0.201s] Level 1:colcon.colcon_core.package_identification:_identify(Pytransitions/ROS2JJ/src/simple_ros2_machine) by extensions ['colcon_meta']
[0.201s] Level 1:colcon.colcon_core.package_identification:_identify(Pytransitions/ROS2JJ/src/simple_ros2_machine) by extension 'colcon_meta'
[0.201s] Level 1:colcon.colcon_core.package_identification:_identify(Pytransitions/ROS2JJ/src/simple_ros2_machine) by extensions ['ros']
[0.201s] Level 1:colcon.colcon_core.package_identification:_identify(Pytransitions/ROS2JJ/src/simple_ros2_machine) by extension 'ros'
[0.201s] Level 1:colcon.colcon_core.package_identification:_identify(Pytransitions/ROS2JJ/src/simple_ros2_machine) by extensions ['cmake', 'python']
[0.201s] Level 1:colcon.colcon_core.package_identification:_identify(Pytransitions/ROS2JJ/src/simple_ros2_machine) by extension 'cmake'
[0.201s] Level 1:colcon.colcon_core.package_identification:_identify(Pytransitions/ROS2JJ/src/simple_ros2_machine) by extension 'python'
[0.201s] Level 1:colcon.colcon_core.package_identification:_identify(Pytransitions/ROS2JJ/src/simple_ros2_machine) by extensions ['python_setup_py']
[0.201s] Level 1:colcon.colcon_core.package_identification:_identify(Pytransitions/ROS2JJ/src/simple_ros2_machine) by extension 'python_setup_py'
[0.202s] Level 1:colcon.colcon_core.package_identification:_identify(Pytransitions/ROS2JJ/src/simple_ros2_machine/Data) by extensions ['ignore', 'ignore_ament_install']
[0.202s] Level 1:colcon.colcon_core.package_identification:_identify(Pytransitions/ROS2JJ/src/simple_ros2_machine/Data) by extension 'ignore'
[0.202s] Level 1:colcon.colcon_core.package_identification:_identify(Pytransitions/ROS2JJ/src/simple_ros2_machine/Data) by extension 'ignore_ament_install'
[0.202s] Level 1:colcon.colcon_core.package_identification:_identify(Pytransitions/ROS2JJ/src/simple_ros2_machine/Data) by extensions ['colcon_pkg']
[0.202s] Level 1:colcon.colcon_core.package_identification:_identify(Pytransitions/ROS2JJ/src/simple_ros2_machine/Data) by extension 'colcon_pkg'
[0.202s] Level 1:colcon.colcon_core.package_identification:_identify(Pytransitions/ROS2JJ/src/simple_ros2_machine/Data) by extensions ['colcon_meta']
[0.202s] Level 1:colcon.colcon_core.package_identification:_identify(Pytransitions/ROS2JJ/src/simple_ros2_machine/Data) by extension 'colcon_meta'
[0.202s] Level 1:colcon.colcon_core.package_identification:_identify(Pytransitions/ROS2JJ/src/simple_ros2_machine/Data) by extensions ['ros']
[0.202s] Level 1:colcon.colcon_core.package_identification:_identify(Pytransitions/ROS2JJ/src/simple_ros2_machine/Data) by extension 'ros'
[0.203s] Level 1:colcon.colcon_core.package_identification:_identify(Pytransitions/ROS2JJ/src/simple_ros2_machine/Data) by extensions ['cmake', 'python']
[0.203s] Level 1:colcon.colcon_core.package_identification:_identify(Pytransitions/ROS2JJ/src/simple_ros2_machine/Data) by extension 'cmake'
[0.203s] Level 1:colcon.colcon_core.package_identification:_identify(Pytransitions/ROS2JJ/src/simple_ros2_machine/Data) by extension 'python'
[0.203s] Level 1:colcon.colcon_core.package_identification:_identify(Pytransitions/ROS2JJ/src/simple_ros2_machine/Data) by extensions ['python_setup_py']
[0.203s] Level 1:colcon.colcon_core.package_identification:_identify(Pytransitions/ROS2JJ/src/simple_ros2_machine/Data) by extension 'python_setup_py'
[0.203s] Level 1:colcon.colcon_core.package_identification:_identify(build) by extensions ['ignore', 'ignore_ament_install']
[0.203s] Level 1:colcon.colcon_core.package_identification:_identify(build) by extension 'ignore'
[0.203s] Level 1:colcon.colcon_core.package_identification:_identify(build) ignored
[0.203s] Level 1:colcon.colcon_core.package_identification:_identify(install) by extensions ['ignore', 'ignore_ament_install']
[0.204s] Level 1:colcon.colcon_core.package_identification:_identify(install) by extension 'ignore'
[0.204s] Level 1:colcon.colcon_core.package_identification:_identify(install) ignored
[0.204s] Level 1:colcon.colcon_core.package_identification:_identify(log) by extensions ['ignore', 'ignore_ament_install']
[0.204s] Level 1:colcon.colcon_core.package_identification:_identify(log) by extension 'ignore'
[0.204s] Level 1:colcon.colcon_core.package_identification:_identify(log) ignored
[0.204s] Level 1:colcon.colcon_core.package_identification:_identify(src) by extensions ['ignore', 'ignore_ament_install']
[0.204s] Level 1:colcon.colcon_core.package_identification:_identify(src) by extension 'ignore'
[0.204s] Level 1:colcon.colcon_core.package_identification:_identify(src) by extension 'ignore_ament_install'
[0.204s] Level 1:colcon.colcon_core.package_identification:_identify(src) by extensions ['colcon_pkg']
[0.204s] Level 1:colcon.colcon_core.package_identification:_identify(src) by extension 'colcon_pkg'
[0.204s] Level 1:colcon.colcon_core.package_identification:_identify(src) by extensions ['colcon_meta']
[0.204s] Level 1:colcon.colcon_core.package_identification:_identify(src) by extension 'colcon_meta'
[0.205s] Level 1:colcon.colcon_core.package_identification:_identify(src) by extensions ['ros']
[0.205s] Level 1:colcon.colcon_core.package_identification:_identify(src) by extension 'ros'
[0.205s] Level 1:colcon.colcon_core.package_identification:_identify(src) by extensions ['cmake', 'python']
[0.205s] Level 1:colcon.colcon_core.package_identification:_identify(src) by extension 'cmake'
[0.205s] Level 1:colcon.colcon_core.package_identification:_identify(src) by extension 'python'
[0.205s] Level 1:colcon.colcon_core.package_identification:_identify(src) by extensions ['python_setup_py']
[0.205s] Level 1:colcon.colcon_core.package_identification:_identify(src) by extension 'python_setup_py'
[0.205s] Level 1:colcon.colcon_core.package_identification:_identify(src/Drone) by extensions ['ignore', 'ignore_ament_install']
[0.205s] Level 1:colcon.colcon_core.package_identification:_identify(src/Drone) by extension 'ignore'
[0.205s] Level 1:colcon.colcon_core.package_identification:_identify(src/Drone) by extension 'ignore_ament_install'
[0.205s] Level 1:colcon.colcon_core.package_identification:_identify(src/Drone) by extensions ['colcon_pkg']
[0.205s] Level 1:colcon.colcon_core.package_identification:_identify(src/Drone) by extension 'colcon_pkg'
[0.205s] Level 1:colcon.colcon_core.package_identification:_identify(src/Drone) by extensions ['colcon_meta']
[0.205s] Level 1:colcon.colcon_core.package_identification:_identify(src/Drone) by extension 'colcon_meta'
[0.205s] Level 1:colcon.colcon_core.package_identification:_identify(src/Drone) by extensions ['ros']
[0.205s] Level 1:colcon.colcon_core.package_identification:_identify(src/Drone) by extension 'ros'
[0.208s] DEBUG:colcon.colcon_core.package_identification:Package 'src/Drone' with type 'ros.ament_python' and name 'Drone'
[0.208s] Level 1:colcon.colcon_core.package_identification:_identify(src/simple_ros2_machine) by extensions ['ignore', 'ignore_ament_install']
[0.208s] Level 1:colcon.colcon_core.package_identification:_identify(src/simple_ros2_machine) by extension 'ignore'
[0.208s] Level 1:colcon.colcon_core.package_identification:_identify(src/simple_ros2_machine) by extension 'ignore_ament_install'
[0.208s] Level 1:colcon.colcon_core.package_identification:_identify(src/simple_ros2_machine) by extensions ['colcon_pkg']
[0.208s] Level 1:colcon.colcon_core.package_identification:_identify(src/simple_ros2_machine) by extension 'colcon_pkg'
[0.208s] Level 1:colcon.colcon_core.package_identification:_identify(src/simple_ros2_machine) by extensions ['colcon_meta']
[0.208s] Level 1:colcon.colcon_core.package_identification:_identify(src/simple_ros2_machine) by extension 'colcon_meta'
[0.208s] Level 1:colcon.colcon_core.package_identification:_identify(src/simple_ros2_machine) by extensions ['ros']
[0.208s] Level 1:colcon.colcon_core.package_identification:_identify(src/simple_ros2_machine) by extension 'ros'
[0.209s] DEBUG:colcon.colcon_core.package_identification:Package 'src/simple_ros2_machine' with type 'ros.ament_python' and name 'simple_ros2_machine'
[0.209s] Level 1:colcon.colcon_core.package_discovery:discover_packages(recursive) using defaults
[0.209s] Level 1:colcon.colcon_core.package_discovery:discover_packages(ignore) discover
[0.209s] Level 1:colcon.colcon_core.package_discovery:discover_packages(ignore) using defaults
[0.209s] Level 1:colcon.colcon_core.package_discovery:discover_packages(path) discover
[0.209s] Level 1:colcon.colcon_core.package_discovery:discover_packages(path) using defaults
[0.232s] Level 1:colcon.colcon_core.package_discovery:discover_packages(prefix_path) check parameters
[0.232s] Level 1:colcon.colcon_core.package_discovery:discover_packages(prefix_path) discover
[0.233s] WARNING:colcon.colcon_core.prefix_path.colcon:The path '/home/mvfs/ros2_ines/install' in the environment variable COLCON_PREFIX_PATH doesn't exist
[0.235s] DEBUG:colcon.colcon_installed_package_information.package_discovery:Found 2 installed packages in /home/mvfs/Python_SM/Pytransitions/ROS2JJ/install
[0.235s] DEBUG:colcon.colcon_installed_package_information.package_discovery:Found 3 installed packages in /home/mvfs/ros2_manga/install
[0.237s] DEBUG:colcon.colcon_installed_package_information.package_discovery:Found 323 installed packages in /opt/ros/jazzy
[0.238s] Level 1:colcon.colcon_core.package_discovery:discover_packages(prefix_path) using defaults
[0.302s] Level 5:colcon.colcon_core.verb:set package 'Drone' build argument 'cmake_args' from command line to 'None'
[0.302s] Level 5:colcon.colcon_core.verb:set package 'Drone' build argument 'cmake_target' from command line to 'None'
[0.302s] Level 5:colcon.colcon_core.verb:set package 'Drone' build argument 'cmake_target_skip_unavailable' from command line to 'False'
[0.302s] Level 5:colcon.colcon_core.verb:set package 'Drone' build argument 'cmake_clean_cache' from command line to 'False'
[0.302s] Level 5:colcon.colcon_core.verb:set package 'Drone' build argument 'cmake_clean_first' from command line to 'False'
[0.302s] Level 5:colcon.colcon_core.verb:set package 'Drone' build argument 'cmake_force_configure' from command line to 'False'
[0.302s] Level 5:colcon.colcon_core.verb:set package 'Drone' build argument 'ament_cmake_args' from command line to 'None'
[0.302s] Level 5:colcon.colcon_core.verb:set package 'Drone' build argument 'catkin_cmake_args' from command line to 'None'
[0.302s] Level 5:colcon.colcon_core.verb:set package 'Drone' build argument 'catkin_skip_building_tests' from command line to 'False'
[0.302s] DEBUG:colcon.colcon_core.verb:Building package 'Drone' with the following arguments: {'ament_cmake_args': None, 'build_base': '/home/mvfs/Python_SM/Pytransitions/ROS2JJ/build/Drone', 'catkin_cmake_args': None, 'catkin_skip_building_tests': False, 'cmake_args': None, 'cmake_clean_cache': False, 'cmake_clean_first': False, 'cmake_force_configure': False, 'cmake_target': None, 'cmake_target_skip_unavailable': False, 'install_base': '/home/mvfs/Python_SM/Pytransitions/ROS2JJ/install/Drone', 'merge_install': False, 'path': '/home/mvfs/Python_SM/Pytransitions/ROS2JJ/src/Drone', 'symlink_install': False, 'test_result_base': None}
[0.302s] Level 5:colcon.colcon_core.verb:set package 'simple_ros2_machine' build argument 'cmake_args' from command line to 'None'
[0.302s] Level 5:colcon.colcon_core.verb:set package 'simple_ros2_machine' build argument 'cmake_target' from command line to 'None'
[0.302s] Level 5:colcon.colcon_core.verb:set package 'simple_ros2_machine' build argument 'cmake_target_skip_unavailable' from command line to 'False'
[0.302s] Level 5:colcon.colcon_core.verb:set package 'simple_ros2_machine' build argument 'cmake_clean_cache' from command line to 'False'
[0.302s] Level 5:colcon.colcon_core.verb:set package 'simple_ros2_machine' build argument 'cmake_clean_first' from command line to 'False'
[0.302s] Level 5:colcon.colcon_core.verb:set package 'simple_ros2_machine' build argument 'cmake_force_configure' from command line to 'False'
[0.303s] Level 5:colcon.colcon_core.verb:set package 'simple_ros2_machine' build argument 'ament_cmake_args' from command line to 'None'
[0.303s] Level 5:colcon.colcon_core.verb:set package 'simple_ros2_machine' build argument 'catkin_cmake_args' from command line to 'None'
[0.303s] Level 5:colcon.colcon_core.verb:set package 'simple_ros2_machine' build argument 'catkin_skip_building_tests' from command line to 'False'
[0.303s] DEBUG:colcon.colcon_core.verb:Building package 'simple_ros2_machine' with the following arguments: {'ament_cmake_args': None, 'build_base': '/home/mvfs/Python_SM/Pytransitions/ROS2JJ/build/simple_ros2_machine', 'catkin_cmake_args': None, 'catkin_skip_building_tests': False, 'cmake_args': None, 'cmake_clean_cache': False, 'cmake_clean_first': False, 'cmake_force_configure': False, 'cmake_target': None, 'cmake_target_skip_unavailable': False, 'install_base': '/home/mvfs/Python_SM/Pytransitions/ROS2JJ/install/simple_ros2_machine', 'merge_install': False, 'path': '/home/mvfs/Python_SM/Pytransitions/ROS2JJ/src/simple_ros2_machine', 'symlink_install': False, 'test_result_base': None}
[0.303s] INFO:colcon.colcon_core.executor:Executing jobs using 'parallel' executor
[0.304s] DEBUG:colcon.colcon_parallel_executor.executor.parallel:run_until_complete
[0.304s] INFO:colcon.colcon_ros.task.ament_python.build:Building ROS package in '/home/mvfs/Python_SM/Pytransitions/ROS2JJ/src/Drone' with build type 'ament_python'
[0.304s] Level 1:colcon.colcon_core.shell:create_environment_hook('Drone', 'ament_prefix_path')
[0.306s] INFO:colcon.colcon_core.plugin_system:Skipping extension 'colcon_core.shell.bat': Not used on non-Windows systems
[0.306s] INFO:colcon.colcon_core.shell:Creating environment hook '/home/mvfs/Python_SM/Pytransitions/ROS2JJ/install/Drone/share/Drone/hook/ament_prefix_path.ps1'
[0.307s] INFO:colcon.colcon_core.shell:Creating environment descriptor '/home/mvfs/Python_SM/Pytransitions/ROS2JJ/install/Drone/share/Drone/hook/ament_prefix_path.dsv'
[0.307s] INFO:colcon.colcon_core.shell:Creating environment hook '/home/mvfs/Python_SM/Pytransitions/ROS2JJ/install/Drone/share/Drone/hook/ament_prefix_path.sh'
[0.308s] INFO:colcon.colcon_core.shell:Skip shell extension 'powershell' for command environment: Not usable outside of PowerShell
[0.308s] DEBUG:colcon.colcon_core.shell:Skip shell extension 'dsv' for command environment
[0.314s] INFO:colcon.colcon_ros.task.ament_python.build:Building ROS package in '/home/mvfs/Python_SM/Pytransitions/ROS2JJ/src/simple_ros2_machine' with build type 'ament_python'
[0.314s] Level 1:colcon.colcon_core.shell:create_environment_hook('simple_ros2_machine', 'ament_prefix_path')
[0.318s] INFO:colcon.colcon_core.shell:Creating environment hook '/home/mvfs/Python_SM/Pytransitions/ROS2JJ/install/simple_ros2_machine/share/simple_ros2_machine/hook/ament_prefix_path.ps1'
[0.318s] INFO:colcon.colcon_core.shell:Creating environment descriptor '/home/mvfs/Python_SM/Pytransitions/ROS2JJ/install/simple_ros2_machine/share/simple_ros2_machine/hook/ament_prefix_path.dsv'
[0.319s] INFO:colcon.colcon_core.shell:Creating environment hook '/home/mvfs/Python_SM/Pytransitions/ROS2JJ/install/simple_ros2_machine/share/simple_ros2_machine/hook/ament_prefix_path.sh'
[0.320s] INFO:colcon.colcon_core.shell:Skip shell extension 'powershell' for command environment: Not usable outside of PowerShell
[0.320s] DEBUG:colcon.colcon_core.shell:Skip shell extension 'dsv' for command environment
[0.594s] INFO:colcon.colcon_core.task.python.build:Building Python package in '/home/mvfs/Python_SM/Pytransitions/ROS2JJ/src/Drone'
[0.595s] INFO:colcon.colcon_core.shell:Skip shell extension 'powershell' for command environment: Not usable outside of PowerShell
[0.595s] DEBUG:colcon.colcon_core.shell:Skip shell extension 'dsv' for command environment
[0.858s] INFO:colcon.colcon_core.task.python.build:Building Python package in '/home/mvfs/Python_SM/Pytransitions/ROS2JJ/src/simple_ros2_machine'
[0.858s] INFO:colcon.colcon_core.shell:Skip shell extension 'powershell' for command environment: Not usable outside of PowerShell
[0.859s] DEBUG:colcon.colcon_core.shell:Skip shell extension 'dsv' for command environment
[1.647s] DEBUG:colcon.colcon_core.event_handler.log_command:Invoking command in '/home/mvfs/Python_SM/Pytransitions/ROS2JJ/src/simple_ros2_machine': DEBUGINFOD_URLS=https://debuginfod.ubuntu.com PYTHONPATH=/home/mvfs/Python_SM/Pytransitions/ROS2JJ/build/simple_ros2_machine/prefix_override:/usr/lib/python3/dist-packages/colcon_core/task/python/colcon_distutils_commands:/home/mvfs/Python_SM/Pytransitions/ROS2JJ/install/simple_ros2_machine/lib/python3.12/site-packages:${PYTHONPATH} VIRTUAL_ENV_PROMPT=(.venv) /usr/bin/python3 -W ignore:setup.py install is deprecated -W ignore:easy_install command is deprecated setup.py egg_info --egg-base ../../build/simple_ros2_machine build --build-base /home/mvfs/Python_SM/Pytransitions/ROS2JJ/build/simple_ros2_machine/build install --record /home/mvfs/Python_SM/Pytransitions/ROS2JJ/build/simple_ros2_machine/install.log --single-version-externally-managed install_data
[1.671s] DEBUG:colcon.colcon_core.event_handler.log_command:Invoking command in '/home/mvfs/Python_SM/Pytransitions/ROS2JJ/src/Drone': DEBUGINFOD_URLS=https://debuginfod.ubuntu.com PYTHONPATH=/home/mvfs/Python_SM/Pytransitions/ROS2JJ/build/Drone/prefix_override:/usr/lib/python3/dist-packages/colcon_core/task/python/colcon_distutils_commands:/home/mvfs/Python_SM/Pytransitions/ROS2JJ/install/Drone/lib/python3.12/site-packages:${PYTHONPATH} VIRTUAL_ENV_PROMPT=(.venv) /usr/bin/python3 -W ignore:setup.py install is deprecated -W ignore:easy_install command is deprecated setup.py egg_info --egg-base ../../build/Drone build --build-base /home/mvfs/Python_SM/Pytransitions/ROS2JJ/build/Drone/build install --record /home/mvfs/Python_SM/Pytransitions/ROS2JJ/build/Drone/install.log --single-version-externally-managed install_data
[2.374s] DEBUG:colcon.colcon_core.event_handler.log_command:Invoked command in '/home/mvfs/Python_SM/Pytransitions/ROS2JJ/src/simple_ros2_machine' returned '0': DEBUGINFOD_URLS=https://debuginfod.ubuntu.com PYTHONPATH=/home/mvfs/Python_SM/Pytransitions/ROS2JJ/build/simple_ros2_machine/prefix_override:/usr/lib/python3/dist-packages/colcon_core/task/python/colcon_distutils_commands:/home/mvfs/Python_SM/Pytransitions/ROS2JJ/install/simple_ros2_machine/lib/python3.12/site-packages:${PYTHONPATH} VIRTUAL_ENV_PROMPT=(.venv) /usr/bin/python3 -W ignore:setup.py install is deprecated -W ignore:easy_install command is deprecated setup.py egg_info --egg-base ../../build/simple_ros2_machine build --build-base /home/mvfs/Python_SM/Pytransitions/ROS2JJ/build/simple_ros2_machine/build install --record /home/mvfs/Python_SM/Pytransitions/ROS2JJ/build/simple_ros2_machine/install.log --single-version-externally-managed install_data
[2.376s] Level 1:colcon.colcon_core.environment:checking '/home/mvfs/Python_SM/Pytransitions/ROS2JJ/install/simple_ros2_machine' for CMake module files
[2.377s] Level 1:colcon.colcon_core.environment:checking '/home/mvfs/Python_SM/Pytransitions/ROS2JJ/install/simple_ros2_machine' for CMake config files
[2.378s] Level 1:colcon.colcon_core.environment:checking '/home/mvfs/Python_SM/Pytransitions/ROS2JJ/install/simple_ros2_machine/lib'
[2.378s] Level 1:colcon.colcon_core.environment:checking '/home/mvfs/Python_SM/Pytransitions/ROS2JJ/install/simple_ros2_machine/bin'
[2.378s] Level 1:colcon.colcon_core.environment:checking '/home/mvfs/Python_SM/Pytransitions/ROS2JJ/install/simple_ros2_machine/lib/pkgconfig/simple_ros2_machine.pc'
[2.378s] Level 1:colcon.colcon_core.environment:checking '/home/mvfs/Python_SM/Pytransitions/ROS2JJ/install/simple_ros2_machine/lib/python3.12/site-packages'
[2.378s] Level 1:colcon.colcon_core.shell:create_environment_hook('simple_ros2_machine', 'pythonpath')
[2.378s] INFO:colcon.colcon_core.shell:Creating environment hook '/home/mvfs/Python_SM/Pytransitions/ROS2JJ/install/simple_ros2_machine/share/simple_ros2_machine/hook/pythonpath.ps1'
[2.379s] INFO:colcon.colcon_core.shell:Creating environment descriptor '/home/mvfs/Python_SM/Pytransitions/ROS2JJ/install/simple_ros2_machine/share/simple_ros2_machine/hook/pythonpath.dsv'
[2.379s] INFO:colcon.colcon_core.shell:Creating environment hook '/home/mvfs/Python_SM/Pytransitions/ROS2JJ/install/simple_ros2_machine/share/simple_ros2_machine/hook/pythonpath.sh'
[2.380s] Level 1:colcon.colcon_core.environment:checking '/home/mvfs/Python_SM/Pytransitions/ROS2JJ/install/simple_ros2_machine/bin'
[2.380s] Level 1:colcon.colcon_core.environment:create_environment_scripts_only(simple_ros2_machine)
[2.380s] INFO:colcon.colcon_core.shell:Creating package script '/home/mvfs/Python_SM/Pytransitions/ROS2JJ/install/simple_ros2_machine/share/simple_ros2_machine/package.ps1'
[2.381s] INFO:colcon.colcon_core.shell:Creating package descriptor '/home/mvfs/Python_SM/Pytransitions/ROS2JJ/install/simple_ros2_machine/share/simple_ros2_machine/package.dsv'
[2.382s] INFO:colcon.colcon_core.shell:Creating package script '/home/mvfs/Python_SM/Pytransitions/ROS2JJ/install/simple_ros2_machine/share/simple_ros2_machine/package.sh'
[2.382s] INFO:colcon.colcon_core.shell:Creating package script '/home/mvfs/Python_SM/Pytransitions/ROS2JJ/install/simple_ros2_machine/share/simple_ros2_machine/package.bash'
[2.383s] INFO:colcon.colcon_core.shell:Creating package script '/home/mvfs/Python_SM/Pytransitions/ROS2JJ/install/simple_ros2_machine/share/simple_ros2_machine/package.zsh'
[2.383s] Level 1:colcon.colcon_core.environment:create_file_with_runtime_dependencies(/home/mvfs/Python_SM/Pytransitions/ROS2JJ/install/simple_ros2_machine/share/colcon-core/packages/simple_ros2_machine)
[2.410s] Level 1:colcon.colcon_core.environment:checking '/home/mvfs/Python_SM/Pytransitions/ROS2JJ/install/Drone' for CMake module files
[2.410s] DEBUG:colcon.colcon_core.event_handler.log_command:Invoked command in '/home/mvfs/Python_SM/Pytransitions/ROS2JJ/src/Drone' returned '0': DEBUGINFOD_URLS=https://debuginfod.ubuntu.com PYTHONPATH=/home/mvfs/Python_SM/Pytransitions/ROS2JJ/build/Drone/prefix_override:/usr/lib/python3/dist-packages/colcon_core/task/python/colcon_distutils_commands:/home/mvfs/Python_SM/Pytransitions/ROS2JJ/install/Drone/lib/python3.12/site-packages:${PYTHONPATH} VIRTUAL_ENV_PROMPT=(.venv) /usr/bin/python3 -W ignore:setup.py install is deprecated -W ignore:easy_install command is deprecated setup.py egg_info --egg-base ../../build/Drone build --build-base /home/mvfs/Python_SM/Pytransitions/ROS2JJ/build/Drone/build install --record /home/mvfs/Python_SM/Pytransitions/ROS2JJ/build/Drone/install.log --single-version-externally-managed install_data
[2.411s] Level 1:colcon.colcon_core.environment:checking '/home/mvfs/Python_SM/Pytransitions/ROS2JJ/install/Drone' for CMake config files
[2.411s] Level 1:colcon.colcon_core.environment:checking '/home/mvfs/Python_SM/Pytransitions/ROS2JJ/install/Drone/lib'
[2.412s] Level 1:colcon.colcon_core.environment:checking '/home/mvfs/Python_SM/Pytransitions/ROS2JJ/install/Drone/bin'
[2.412s] Level 1:colcon.colcon_core.environment:checking '/home/mvfs/Python_SM/Pytransitions/ROS2JJ/install/Drone/lib/pkgconfig/Drone.pc'
[2.412s] Level 1:colcon.colcon_core.environment:checking '/home/mvfs/Python_SM/Pytransitions/ROS2JJ/install/Drone/lib/python3.12/site-packages'
[2.412s] Level 1:colcon.colcon_core.shell:create_environment_hook('Drone', 'pythonpath')
[2.413s] INFO:colcon.colcon_core.shell:Creating environment hook '/home/mvfs/Python_SM/Pytransitions/ROS2JJ/install/Drone/share/Drone/hook/pythonpath.ps1'
[2.413s] INFO:colcon.colcon_core.shell:Creating environment descriptor '/home/mvfs/Python_SM/Pytransitions/ROS2JJ/install/Drone/share/Drone/hook/pythonpath.dsv'
[2.414s] INFO:colcon.colcon_core.shell:Creating environment hook '/home/mvfs/Python_SM/Pytransitions/ROS2JJ/install/Drone/share/Drone/hook/pythonpath.sh'
[2.414s] Level 1:colcon.colcon_core.environment:checking '/home/mvfs/Python_SM/Pytransitions/ROS2JJ/install/Drone/bin'
[2.415s] Level 1:colcon.colcon_core.environment:create_environment_scripts_only(Drone)
[2.415s] INFO:colcon.colcon_core.shell:Creating package script '/home/mvfs/Python_SM/Pytransitions/ROS2JJ/install/Drone/share/Drone/package.ps1'
[2.416s] INFO:colcon.colcon_core.shell:Creating package descriptor '/home/mvfs/Python_SM/Pytransitions/ROS2JJ/install/Drone/share/Drone/package.dsv'
[2.417s] INFO:colcon.colcon_core.shell:Creating package script '/home/mvfs/Python_SM/Pytransitions/ROS2JJ/install/Drone/share/Drone/package.sh'
[2.417s] INFO:colcon.colcon_core.shell:Creating package script '/home/mvfs/Python_SM/Pytransitions/ROS2JJ/install/Drone/share/Drone/package.bash'
[2.418s] INFO:colcon.colcon_core.shell:Creating package script '/home/mvfs/Python_SM/Pytransitions/ROS2JJ/install/Drone/share/Drone/package.zsh'
[2.418s] Level 1:colcon.colcon_core.environment:create_file_with_runtime_dependencies(/home/mvfs/Python_SM/Pytransitions/ROS2JJ/install/Drone/share/colcon-core/packages/Drone)
[2.419s] DEBUG:colcon.colcon_parallel_executor.executor.parallel:closing loop
[2.419s] DEBUG:colcon.colcon_parallel_executor.executor.parallel:loop closed
[2.419s] DEBUG:colcon.colcon_parallel_executor.executor.parallel:run_until_complete finished with '0'
[2.419s] DEBUG:colcon.colcon_core.event_reactor:joining thread
[2.426s] INFO:colcon.colcon_core.plugin_system:Skipping extension 'colcon_notification.desktop_notification.terminal_notifier': Not used on non-Darwin systems
[2.426s] INFO:colcon.colcon_core.plugin_system:Skipping extension 'colcon_notification.desktop_notification.win32': Not used on non-Windows systems
[2.426s] INFO:colcon.colcon_notification.desktop_notification:Sending desktop notification using 'notify2'
[2.445s] DEBUG:colcon.colcon_core.event_reactor:joined thread
[2.446s] INFO:colcon.colcon_core.shell:Creating prefix script '/home/mvfs/Python_SM/Pytransitions/ROS2JJ/install/local_setup.ps1'
[2.447s] INFO:colcon.colcon_core.shell:Creating prefix util module '/home/mvfs/Python_SM/Pytransitions/ROS2JJ/install/_local_setup_util_ps1.py'
[2.448s] INFO:colcon.colcon_core.shell:Creating prefix chain script '/home/mvfs/Python_SM/Pytransitions/ROS2JJ/install/setup.ps1'
[2.450s] INFO:colcon.colcon_core.shell:Creating prefix script '/home/mvfs/Python_SM/Pytransitions/ROS2JJ/install/local_setup.sh'
[2.450s] INFO:colcon.colcon_core.shell:Creating prefix util module '/home/mvfs/Python_SM/Pytransitions/ROS2JJ/install/_local_setup_util_sh.py'
[2.451s] INFO:colcon.colcon_core.shell:Creating prefix chain script '/home/mvfs/Python_SM/Pytransitions/ROS2JJ/install/setup.sh'
[2.453s] INFO:colcon.colcon_core.shell:Creating prefix script '/home/mvfs/Python_SM/Pytransitions/ROS2JJ/install/local_setup.bash'
[2.453s] INFO:colcon.colcon_core.shell:Creating prefix chain script '/home/mvfs/Python_SM/Pytransitions/ROS2JJ/install/setup.bash'
[2.455s] INFO:colcon.colcon_core.shell:Creating prefix script '/home/mvfs/Python_SM/Pytransitions/ROS2JJ/install/local_setup.zsh'
[2.455s] INFO:colcon.colcon_core.shell:Creating prefix chain script '/home/mvfs/Python_SM/Pytransitions/ROS2JJ/install/setup.zsh'
