[1.618s] Invoking command in '/home/mvfs/Python_SM/Pytransitions/ROS2JJ/src/Drone': DEBUGINFOD_URLS=https://debuginfod.ubuntu.com PYTHONPATH=/home/mvfs/Python_SM/Pytransitions/ROS2JJ/build/Drone/prefix_override:/usr/lib/python3/dist-packages/colcon_core/task/python/colcon_distutils_commands:/home/mvfs/Python_SM/Pytransitions/ROS2JJ/install/Drone/lib/python3.12/site-packages:${PYTHONPATH} VIRTUAL_ENV_PROMPT=(.venv) /usr/bin/python3 -W ignore:setup.py install is deprecated -W ignore:easy_install command is deprecated setup.py egg_info --egg-base ../../build/Drone build --build-base /home/mvfs/Python_SM/Pytransitions/ROS2JJ/build/Drone/build install --record /home/mvfs/Python_SM/Pytransitions/ROS2JJ/build/Drone/install.log --single-version-externally-managed install_data
[1.996s] running egg_info
[1.997s] creating ../../build/Drone/Drone.egg-info
[2.066s] writing ../../build/Drone/Drone.egg-info/PKG-INFO
[2.066s] writing dependency_links to ../../build/Drone/Drone.egg-info/dependency_links.txt
[2.067s] writing entry points to ../../build/Drone/Drone.egg-info/entry_points.txt
[2.067s] writing requirements to ../../build/Drone/Drone.egg-info/requires.txt
[2.068s] writing top-level names to ../../build/Drone/Drone.egg-info/top_level.txt
[2.068s] writing manifest file '../../build/Drone/Drone.egg-info/SOURCES.txt'
[2.194s] reading manifest file '../../build/Drone/Drone.egg-info/SOURCES.txt'
[2.194s] adding license file 'LICENSE'
[2.196s] writing manifest file '../../build/Drone/Drone.egg-info/SOURCES.txt'
[2.196s] running build
[2.196s] running build_py
[2.197s] creating /home/mvfs/Python_SM/Pytransitions/ROS2JJ/build/Drone/build
[2.197s] creating /home/mvfs/Python_SM/Pytransitions/ROS2JJ/build/Drone/build/lib
[2.197s] creating /home/mvfs/Python_SM/Pytransitions/ROS2JJ/build/Drone/build/lib/Drone
[2.198s] copying Drone/PMSMROS.py -> /home/mvfs/Python_SM/Pytransitions/ROS2JJ/build/Drone/build/lib/Drone
[2.198s] copying Drone/__init__.py -> /home/mvfs/Python_SM/Pytransitions/ROS2JJ/build/Drone/build/lib/Drone
[2.198s] running install
[2.214s] running install_lib
[2.282s] creating /home/mvfs/Python_SM/Pytransitions/ROS2JJ/install/Drone/lib/python3.12/site-packages/Drone
[2.283s] copying /home/mvfs/Python_SM/Pytransitions/ROS2JJ/build/Drone/build/lib/Drone/PMSMROS.py -> /home/mvfs/Python_SM/Pytransitions/ROS2JJ/install/Drone/lib/python3.12/site-packages/Drone
[2.283s] copying /home/mvfs/Python_SM/Pytransitions/ROS2JJ/build/Drone/build/lib/Drone/__init__.py -> /home/mvfs/Python_SM/Pytransitions/ROS2JJ/install/Drone/lib/python3.12/site-packages/Drone
[2.284s] byte-compiling /home/mvfs/Python_SM/Pytransitions/ROS2JJ/install/Drone/lib/python3.12/site-packages/Drone/PMSMROS.py to PMSMROS.cpython-312.pyc
[2.285s] byte-compiling /home/mvfs/Python_SM/Pytransitions/ROS2JJ/install/Drone/lib/python3.12/site-packages/Drone/__init__.py to __init__.cpython-312.pyc
[2.286s] running install_data
[2.286s] creating /home/mvfs/Python_SM/Pytransitions/ROS2JJ/install/Drone/share/ament_index
[2.287s] creating /home/mvfs/Python_SM/Pytransitions/ROS2JJ/install/Drone/share/ament_index/resource_index
[2.287s] creating /home/mvfs/Python_SM/Pytransitions/ROS2JJ/install/Drone/share/ament_index/resource_index/packages
[2.288s] copying resource/Drone -> /home/mvfs/Python_SM/Pytransitions/ROS2JJ/install/Drone/share/ament_index/resource_index/packages
[2.288s] copying package.xml -> /home/mvfs/Python_SM/Pytransitions/ROS2JJ/install/Drone/share/Drone
[2.288s] running install_egg_info
[2.356s] Copying ../../build/Drone/Drone.egg-info to /home/mvfs/Python_SM/Pytransitions/ROS2JJ/install/Drone/lib/python3.12/site-packages/Drone-0.0.0-py3.12.egg-info
[2.359s] running install_scripts
[2.776s] Installing PMSMROS script to /home/mvfs/Python_SM/Pytransitions/ROS2JJ/install/Drone/lib/Drone
[2.777s] writing list of installed files to '/home/mvfs/Python_SM/Pytransitions/ROS2JJ/build/Drone/install.log'
[2.840s] Invoked command in '/home/mvfs/Python_SM/Pytransitions/ROS2JJ/src/Drone' returned '0': DEBUGINFOD_URLS=https://debuginfod.ubuntu.com PYTHONPATH=/home/mvfs/Python_SM/Pytransitions/ROS2JJ/build/Drone/prefix_override:/usr/lib/python3/dist-packages/colcon_core/task/python/colcon_distutils_commands:/home/mvfs/Python_SM/Pytransitions/ROS2JJ/install/Drone/lib/python3.12/site-packages:${PYTHONPATH} VIRTUAL_ENV_PROMPT=(.venv) /usr/bin/python3 -W ignore:setup.py install is deprecated -W ignore:easy_install command is deprecated setup.py egg_info --egg-base ../../build/Drone build --build-base /home/mvfs/Python_SM/Pytransitions/ROS2JJ/build/Drone/build install --record /home/mvfs/Python_SM/Pytransitions/ROS2JJ/build/Drone/install.log --single-version-externally-managed install_data
