[0.128s] DEBUG:colcon:Command line arguments: ['/usr/bin/colcon', 'build']
[0.128s] DEBUG:colcon:Parsed command line arguments: Namespace(log_base=None, log_level=None, verb_name='build', build_base='build', install_base='install', merge_install=False, symlink_install=False, test_result_base=None, continue_on_error=False, executor='parallel', parallel_workers=8, event_handlers=None, ignore_user_meta=False, metas=['./colcon.meta'], base_paths=['.'], packages_ignore=None, packages_ignore_regex=None, paths=None, packages_up_to=None, packages_up_to_regex=None, packages_above=None, packages_above_and_dependencies=None, packages_above_depth=None, packages_select_by_dep=None, packages_skip_by_dep=None, packages_skip_up_to=None, packages_select_build_failed=False, packages_skip_build_finished=False, packages_select_test_failures=False, packages_skip_test_passed=False, packages_select=None, packages_skip=None, packages_select_regex=None, packages_skip_regex=None, packages_start=None, packages_end=None, allow_overriding=[], cmake_args=None, cmake_target=None, cmake_target_skip_unavailable=False, cmake_clean_cache=False, cmake_clean_first=False, cmake_force_configure=False, ament_cmake_args=None, catkin_cmake_args=None, catkin_skip_building_tests=False, mixin_files=None, mixin=None, verb_parser=<colcon_mixin.mixin.mixin_argument.MixinArgumentDecorator object at 0x7c0ac548d250>, verb_extension=<colcon_core.verb.build.BuildVerb object at 0x7c0ac55c5490>, main=<bound method BuildVerb.main of <colcon_core.verb.build.BuildVerb object at 0x7c0ac55c5490>>, mixin_verb=('build',))
[0.172s] Level 1:colcon.colcon_core.package_discovery:discover_packages(colcon_meta) check parameters
[0.172s] Level 1:colcon.colcon_core.package_discovery:discover_packages(recursive) check parameters
[0.172s] Level 1:colcon.colcon_core.package_discovery:discover_packages(ignore) check parameters
[0.172s] Level 1:colcon.colcon_core.package_discovery:discover_packages(path) check parameters
[0.172s] Level 1:colcon.colcon_core.package_discovery:discover_packages(colcon_meta) discover
[0.172s] Level 1:colcon.colcon_core.package_discovery:discover_packages(recursive) discover
[0.172s] INFO:colcon.colcon_core.package_discovery:Crawling recursively for packages in '/home/mvfs/Python_SM/Pytransitions/ROS2JJ'
[0.172s] Level 1:colcon.colcon_core.package_identification:_identify(.) by extensions ['ignore', 'ignore_ament_install']
[0.172s] Level 1:colcon.colcon_core.package_identification:_identify(.) by extension 'ignore'
[0.172s] Level 1:colcon.colcon_core.package_identification:_identify(.) by extension 'ignore_ament_install'
[0.172s] Level 1:colcon.colcon_core.package_identification:_identify(.) by extensions ['colcon_pkg']
[0.172s] Level 1:colcon.colcon_core.package_identification:_identify(.) by extension 'colcon_pkg'
[0.172s] Level 1:colcon.colcon_core.package_identification:_identify(.) by extensions ['colcon_meta']
[0.172s] Level 1:colcon.colcon_core.package_identification:_identify(.) by extension 'colcon_meta'
[0.173s] Level 1:colcon.colcon_core.package_identification:_identify(.) by extensions ['ros']
[0.173s] Level 1:colcon.colcon_core.package_identification:_identify(.) by extension 'ros'
[0.200s] Level 1:colcon.colcon_core.package_identification:_identify(.) by extensions ['cmake', 'python']
[0.200s] Level 1:colcon.colcon_core.package_identification:_identify(.) by extension 'cmake'
[0.201s] Level 1:colcon.colcon_core.package_identification:_identify(.) by extension 'python'
[0.201s] Level 1:colcon.colcon_core.package_identification:_identify(.) by extensions ['python_setup_py']
[0.201s] Level 1:colcon.colcon_core.package_identification:_identify(.) by extension 'python_setup_py'
[0.201s] Level 1:colcon.colcon_core.package_identification:_identify(Pytransitions) by extensions ['ignore', 'ignore_ament_install']
[0.201s] Level 1:colcon.colcon_core.package_identification:_identify(Pytransitions) by extension 'ignore'
[0.201s] Level 1:colcon.colcon_core.package_identification:_identify(Pytransitions) by extension 'ignore_ament_install'
[0.201s] Level 1:colcon.colcon_core.package_identification:_identify(Pytransitions) by extensions ['colcon_pkg']
[0.201s] Level 1:colcon.colcon_core.package_identification:_identify(Pytransitions) by extension 'colcon_pkg'
[0.201s] Level 1:colcon.colcon_core.package_identification:_identify(Pytransitions) by extensions ['colcon_meta']
[0.201s] Level 1:colcon.colcon_core.package_identification:_identify(Pytransitions) by extension 'colcon_meta'
[0.201s] Level 1:colcon.colcon_core.package_identification:_identify(Pytransitions) by extensions ['ros']
[0.201s] Level 1:colcon.colcon_core.package_identification:_identify(Pytransitions) by extension 'ros'
[0.201s] Level 1:colcon.colcon_core.package_identification:_identify(Pytransitions) by extensions ['cmake', 'python']
[0.201s] Level 1:colcon.colcon_core.package_identification:_identify(Pytransitions) by extension 'cmake'
[0.201s] Level 1:colcon.colcon_core.package_identification:_identify(Pytransitions) by extension 'python'
[0.201s] Level 1:colcon.colcon_core.package_identification:_identify(Pytransitions) by extensions ['python_setup_py']
[0.202s] Level 1:colcon.colcon_core.package_identification:_identify(Pytransitions) by extension 'python_setup_py'
[0.202s] Level 1:colcon.colcon_core.package_identification:_identify(Pytransitions/ROS2JJ) by extensions ['ignore', 'ignore_ament_install']
[0.202s] Level 1:colcon.colcon_core.package_identification:_identify(Pytransitions/ROS2JJ) by extension 'ignore'
[0.202s] Level 1:colcon.colcon_core.package_identification:_identify(Pytransitions/ROS2JJ) by extension 'ignore_ament_install'
[0.202s] Level 1:colcon.colcon_core.package_identification:_identify(Pytransitions/ROS2JJ) by extensions ['colcon_pkg']
[0.202s] Level 1:colcon.colcon_core.package_identification:_identify(Pytransitions/ROS2JJ) by extension 'colcon_pkg'
[0.202s] Level 1:colcon.colcon_core.package_identification:_identify(Pytransitions/ROS2JJ) by extensions ['colcon_meta']
[0.202s] Level 1:colcon.colcon_core.package_identification:_identify(Pytransitions/ROS2JJ) by extension 'colcon_meta'
[0.202s] Level 1:colcon.colcon_core.package_identification:_identify(Pytransitions/ROS2JJ) by extensions ['ros']
[0.202s] Level 1:colcon.colcon_core.package_identification:_identify(Pytransitions/ROS2JJ) by extension 'ros'
[0.202s] Level 1:colcon.colcon_core.package_identification:_identify(Pytransitions/ROS2JJ) by extensions ['cmake', 'python']
[0.202s] Level 1:colcon.colcon_core.package_identification:_identify(Pytransitions/ROS2JJ) by extension 'cmake'
[0.202s] Level 1:colcon.colcon_core.package_identification:_identify(Pytransitions/ROS2JJ) by extension 'python'
[0.202s] Level 1:colcon.colcon_core.package_identification:_identify(Pytransitions/ROS2JJ) by extensions ['python_setup_py']
[0.202s] Level 1:colcon.colcon_core.package_identification:_identify(Pytransitions/ROS2JJ) by extension 'python_setup_py'
[0.202s] Level 1:colcon.colcon_core.package_identification:_identify(Pytransitions/ROS2JJ/src) by extensions ['ignore', 'ignore_ament_install']
[0.203s] Level 1:colcon.colcon_core.package_identification:_identify(Pytransitions/ROS2JJ/src) by extension 'ignore'
[0.203s] Level 1:colcon.colcon_core.package_identification:_identify(Pytransitions/ROS2JJ/src) by extension 'ignore_ament_install'
[0.203s] Level 1:colcon.colcon_core.package_identification:_identify(Pytransitions/ROS2JJ/src) by extensions ['colcon_pkg']
[0.203s] Level 1:colcon.colcon_core.package_identification:_identify(Pytransitions/ROS2JJ/src) by extension 'colcon_pkg'
[0.203s] Level 1:colcon.colcon_core.package_identification:_identify(Pytransitions/ROS2JJ/src) by extensions ['colcon_meta']
[0.203s] Level 1:colcon.colcon_core.package_identification:_identify(Pytransitions/ROS2JJ/src) by extension 'colcon_meta'
[0.203s] Level 1:colcon.colcon_core.package_identification:_identify(Pytransitions/ROS2JJ/src) by extensions ['ros']
[0.203s] Level 1:colcon.colcon_core.package_identification:_identify(Pytransitions/ROS2JJ/src) by extension 'ros'
[0.203s] Level 1:colcon.colcon_core.package_identification:_identify(Pytransitions/ROS2JJ/src) by extensions ['cmake', 'python']
[0.203s] Level 1:colcon.colcon_core.package_identification:_identify(Pytransitions/ROS2JJ/src) by extension 'cmake'
[0.203s] Level 1:colcon.colcon_core.package_identification:_identify(Pytransitions/ROS2JJ/src) by extension 'python'
[0.203s] Level 1:colcon.colcon_core.package_identification:_identify(Pytransitions/ROS2JJ/src) by extensions ['python_setup_py']
[0.203s] Level 1:colcon.colcon_core.package_identification:_identify(Pytransitions/ROS2JJ/src) by extension 'python_setup_py'
[0.203s] Level 1:colcon.colcon_core.package_identification:_identify(Pytransitions/ROS2JJ/src/simple_ros2_machine) by extensions ['ignore', 'ignore_ament_install']
[0.203s] Level 1:colcon.colcon_core.package_identification:_identify(Pytransitions/ROS2JJ/src/simple_ros2_machine) by extension 'ignore'
[0.203s] Level 1:colcon.colcon_core.package_identification:_identify(Pytransitions/ROS2JJ/src/simple_ros2_machine) by extension 'ignore_ament_install'
[0.204s] Level 1:colcon.colcon_core.package_identification:_identify(Pytransitions/ROS2JJ/src/simple_ros2_machine) by extensions ['colcon_pkg']
[0.204s] Level 1:colcon.colcon_core.package_identification:_identify(Pytransitions/ROS2JJ/src/simple_ros2_machine) by extension 'colcon_pkg'
[0.204s] Level 1:colcon.colcon_core.package_identification:_identify(Pytransitions/ROS2JJ/src/simple_ros2_machine) by extensions ['colcon_meta']
[0.204s] Level 1:colcon.colcon_core.package_identification:_identify(Pytransitions/ROS2JJ/src/simple_ros2_machine) by extension 'colcon_meta'
[0.204s] Level 1:colcon.colcon_core.package_identification:_identify(Pytransitions/ROS2JJ/src/simple_ros2_machine) by extensions ['ros']
[0.204s] Level 1:colcon.colcon_core.package_identification:_identify(Pytransitions/ROS2JJ/src/simple_ros2_machine) by extension 'ros'
[0.204s] Level 1:colcon.colcon_core.package_identification:_identify(Pytransitions/ROS2JJ/src/simple_ros2_machine) by extensions ['cmake', 'python']
[0.204s] Level 1:colcon.colcon_core.package_identification:_identify(Pytransitions/ROS2JJ/src/simple_ros2_machine) by extension 'cmake'
[0.204s] Level 1:colcon.colcon_core.package_identification:_identify(Pytransitions/ROS2JJ/src/simple_ros2_machine) by extension 'python'
[0.204s] Level 1:colcon.colcon_core.package_identification:_identify(Pytransitions/ROS2JJ/src/simple_ros2_machine) by extensions ['python_setup_py']
[0.204s] Level 1:colcon.colcon_core.package_identification:_identify(Pytransitions/ROS2JJ/src/simple_ros2_machine) by extension 'python_setup_py'
[0.204s] Level 1:colcon.colcon_core.package_identification:_identify(Pytransitions/ROS2JJ/src/simple_ros2_machine/Data) by extensions ['ignore', 'ignore_ament_install']
[0.204s] Level 1:colcon.colcon_core.package_identification:_identify(Pytransitions/ROS2JJ/src/simple_ros2_machine/Data) by extension 'ignore'
[0.204s] Level 1:colcon.colcon_core.package_identification:_identify(Pytransitions/ROS2JJ/src/simple_ros2_machine/Data) by extension 'ignore_ament_install'
[0.204s] Level 1:colcon.colcon_core.package_identification:_identify(Pytransitions/ROS2JJ/src/simple_ros2_machine/Data) by extensions ['colcon_pkg']
[0.204s] Level 1:colcon.colcon_core.package_identification:_identify(Pytransitions/ROS2JJ/src/simple_ros2_machine/Data) by extension 'colcon_pkg'
[0.204s] Level 1:colcon.colcon_core.package_identification:_identify(Pytransitions/ROS2JJ/src/simple_ros2_machine/Data) by extensions ['colcon_meta']
[0.205s] Level 1:colcon.colcon_core.package_identification:_identify(Pytransitions/ROS2JJ/src/simple_ros2_machine/Data) by extension 'colcon_meta'
[0.205s] Level 1:colcon.colcon_core.package_identification:_identify(Pytransitions/ROS2JJ/src/simple_ros2_machine/Data) by extensions ['ros']
[0.205s] Level 1:colcon.colcon_core.package_identification:_identify(Pytransitions/ROS2JJ/src/simple_ros2_machine/Data) by extension 'ros'
[0.205s] Level 1:colcon.colcon_core.package_identification:_identify(Pytransitions/ROS2JJ/src/simple_ros2_machine/Data) by extensions ['cmake', 'python']
[0.205s] Level 1:colcon.colcon_core.package_identification:_identify(Pytransitions/ROS2JJ/src/simple_ros2_machine/Data) by extension 'cmake'
[0.205s] Level 1:colcon.colcon_core.package_identification:_identify(Pytransitions/ROS2JJ/src/simple_ros2_machine/Data) by extension 'python'
[0.205s] Level 1:colcon.colcon_core.package_identification:_identify(Pytransitions/ROS2JJ/src/simple_ros2_machine/Data) by extensions ['python_setup_py']
[0.205s] Level 1:colcon.colcon_core.package_identification:_identify(Pytransitions/ROS2JJ/src/simple_ros2_machine/Data) by extension 'python_setup_py'
[0.205s] Level 1:colcon.colcon_core.package_identification:_identify(build) by extensions ['ignore', 'ignore_ament_install']
[0.205s] Level 1:colcon.colcon_core.package_identification:_identify(build) by extension 'ignore'
[0.205s] Level 1:colcon.colcon_core.package_identification:_identify(build) ignored
[0.205s] Level 1:colcon.colcon_core.package_identification:_identify(install) by extensions ['ignore', 'ignore_ament_install']
[0.205s] Level 1:colcon.colcon_core.package_identification:_identify(install) by extension 'ignore'
[0.205s] Level 1:colcon.colcon_core.package_identification:_identify(install) ignored
[0.206s] Level 1:colcon.colcon_core.package_identification:_identify(log) by extensions ['ignore', 'ignore_ament_install']
[0.206s] Level 1:colcon.colcon_core.package_identification:_identify(log) by extension 'ignore'
[0.206s] Level 1:colcon.colcon_core.package_identification:_identify(log) ignored
[0.206s] Level 1:colcon.colcon_core.package_identification:_identify(src) by extensions ['ignore', 'ignore_ament_install']
[0.206s] Level 1:colcon.colcon_core.package_identification:_identify(src) by extension 'ignore'
[0.206s] Level 1:colcon.colcon_core.package_identification:_identify(src) by extension 'ignore_ament_install'
[0.206s] Level 1:colcon.colcon_core.package_identification:_identify(src) by extensions ['colcon_pkg']
[0.206s] Level 1:colcon.colcon_core.package_identification:_identify(src) by extension 'colcon_pkg'
[0.206s] Level 1:colcon.colcon_core.package_identification:_identify(src) by extensions ['colcon_meta']
[0.206s] Level 1:colcon.colcon_core.package_identification:_identify(src) by extension 'colcon_meta'
[0.206s] Level 1:colcon.colcon_core.package_identification:_identify(src) by extensions ['ros']
[0.206s] Level 1:colcon.colcon_core.package_identification:_identify(src) by extension 'ros'
[0.206s] Level 1:colcon.colcon_core.package_identification:_identify(src) by extensions ['cmake', 'python']
[0.206s] Level 1:colcon.colcon_core.package_identification:_identify(src) by extension 'cmake'
[0.206s] Level 1:colcon.colcon_core.package_identification:_identify(src) by extension 'python'
[0.206s] Level 1:colcon.colcon_core.package_identification:_identify(src) by extensions ['python_setup_py']
[0.206s] Level 1:colcon.colcon_core.package_identification:_identify(src) by extension 'python_setup_py'
[0.207s] Level 1:colcon.colcon_core.package_identification:_identify(src/Drone) by extensions ['ignore', 'ignore_ament_install']
[0.207s] Level 1:colcon.colcon_core.package_identification:_identify(src/Drone) by extension 'ignore'
[0.207s] Level 1:colcon.colcon_core.package_identification:_identify(src/Drone) by extension 'ignore_ament_install'
[0.207s] Level 1:colcon.colcon_core.package_identification:_identify(src/Drone) by extensions ['colcon_pkg']
[0.207s] Level 1:colcon.colcon_core.package_identification:_identify(src/Drone) by extension 'colcon_pkg'
[0.207s] Level 1:colcon.colcon_core.package_identification:_identify(src/Drone) by extensions ['colcon_meta']
[0.207s] Level 1:colcon.colcon_core.package_identification:_identify(src/Drone) by extension 'colcon_meta'
[0.207s] Level 1:colcon.colcon_core.package_identification:_identify(src/Drone) by extensions ['ros']
[0.207s] Level 1:colcon.colcon_core.package_identification:_identify(src/Drone) by extension 'ros'
[0.210s] DEBUG:colcon.colcon_core.package_identification:Package 'src/Drone' with type 'ros.ament_python' and name 'Drone'
[0.210s] Level 1:colcon.colcon_core.package_identification:_identify(src/simple_ros2_machine) by extensions ['ignore', 'ignore_ament_install']
[0.210s] Level 1:colcon.colcon_core.package_identification:_identify(src/simple_ros2_machine) by extension 'ignore'
[0.210s] Level 1:colcon.colcon_core.package_identification:_identify(src/simple_ros2_machine) by extension 'ignore_ament_install'
[0.210s] Level 1:colcon.colcon_core.package_identification:_identify(src/simple_ros2_machine) by extensions ['colcon_pkg']
[0.210s] Level 1:colcon.colcon_core.package_identification:_identify(src/simple_ros2_machine) by extension 'colcon_pkg'
[0.210s] Level 1:colcon.colcon_core.package_identification:_identify(src/simple_ros2_machine) by extensions ['colcon_meta']
[0.210s] Level 1:colcon.colcon_core.package_identification:_identify(src/simple_ros2_machine) by extension 'colcon_meta'
[0.210s] Level 1:colcon.colcon_core.package_identification:_identify(src/simple_ros2_machine) by extensions ['ros']
[0.210s] Level 1:colcon.colcon_core.package_identification:_identify(src/simple_ros2_machine) by extension 'ros'
[0.211s] DEBUG:colcon.colcon_core.package_identification:Package 'src/simple_ros2_machine' with type 'ros.ament_python' and name 'simple_ros2_machine'
[0.211s] Level 1:colcon.colcon_core.package_discovery:discover_packages(recursive) using defaults
[0.211s] Level 1:colcon.colcon_core.package_discovery:discover_packages(ignore) discover
[0.211s] Level 1:colcon.colcon_core.package_discovery:discover_packages(ignore) using defaults
[0.211s] Level 1:colcon.colcon_core.package_discovery:discover_packages(path) discover
[0.211s] Level 1:colcon.colcon_core.package_discovery:discover_packages(path) using defaults
[0.234s] Level 1:colcon.colcon_core.package_discovery:discover_packages(prefix_path) check parameters
[0.234s] Level 1:colcon.colcon_core.package_discovery:discover_packages(prefix_path) discover
[0.235s] WARNING:colcon.colcon_core.prefix_path.colcon:The path '/home/mvfs/ros2_ines/install' in the environment variable COLCON_PREFIX_PATH doesn't exist
[0.236s] DEBUG:colcon.colcon_installed_package_information.package_discovery:Found 2 installed packages in /home/mvfs/Python_SM/Pytransitions/ROS2JJ/install
[0.236s] DEBUG:colcon.colcon_installed_package_information.package_discovery:Found 3 installed packages in /home/mvfs/ros2_manga/install
[0.238s] DEBUG:colcon.colcon_installed_package_information.package_discovery:Found 323 installed packages in /opt/ros/jazzy
[0.240s] Level 1:colcon.colcon_core.package_discovery:discover_packages(prefix_path) using defaults
[0.299s] Level 5:colcon.colcon_core.verb:set package 'Drone' build argument 'cmake_args' from command line to 'None'
[0.299s] Level 5:colcon.colcon_core.verb:set package 'Drone' build argument 'cmake_target' from command line to 'None'
[0.299s] Level 5:colcon.colcon_core.verb:set package 'Drone' build argument 'cmake_target_skip_unavailable' from command line to 'False'
[0.299s] Level 5:colcon.colcon_core.verb:set package 'Drone' build argument 'cmake_clean_cache' from command line to 'False'
[0.299s] Level 5:colcon.colcon_core.verb:set package 'Drone' build argument 'cmake_clean_first' from command line to 'False'
[0.299s] Level 5:colcon.colcon_core.verb:set package 'Drone' build argument 'cmake_force_configure' from command line to 'False'
[0.299s] Level 5:colcon.colcon_core.verb:set package 'Drone' build argument 'ament_cmake_args' from command line to 'None'
[0.299s] Level 5:colcon.colcon_core.verb:set package 'Drone' build argument 'catkin_cmake_args' from command line to 'None'
[0.299s] Level 5:colcon.colcon_core.verb:set package 'Drone' build argument 'catkin_skip_building_tests' from command line to 'False'
[0.299s] DEBUG:colcon.colcon_core.verb:Building package 'Drone' with the following arguments: {'ament_cmake_args': None, 'build_base': '/home/mvfs/Python_SM/Pytransitions/ROS2JJ/build/Drone', 'catkin_cmake_args': None, 'catkin_skip_building_tests': False, 'cmake_args': None, 'cmake_clean_cache': False, 'cmake_clean_first': False, 'cmake_force_configure': False, 'cmake_target': None, 'cmake_target_skip_unavailable': False, 'install_base': '/home/mvfs/Python_SM/Pytransitions/ROS2JJ/install/Drone', 'merge_install': False, 'path': '/home/mvfs/Python_SM/Pytransitions/ROS2JJ/src/Drone', 'symlink_install': False, 'test_result_base': None}
[0.300s] Level 5:colcon.colcon_core.verb:set package 'simple_ros2_machine' build argument 'cmake_args' from command line to 'None'
[0.300s] Level 5:colcon.colcon_core.verb:set package 'simple_ros2_machine' build argument 'cmake_target' from command line to 'None'
[0.300s] Level 5:colcon.colcon_core.verb:set package 'simple_ros2_machine' build argument 'cmake_target_skip_unavailable' from command line to 'False'
[0.300s] Level 5:colcon.colcon_core.verb:set package 'simple_ros2_machine' build argument 'cmake_clean_cache' from command line to 'False'
[0.300s] Level 5:colcon.colcon_core.verb:set package 'simple_ros2_machine' build argument 'cmake_clean_first' from command line to 'False'
[0.300s] Level 5:colcon.colcon_core.verb:set package 'simple_ros2_machine' build argument 'cmake_force_configure' from command line to 'False'
[0.300s] Level 5:colcon.colcon_core.verb:set package 'simple_ros2_machine' build argument 'ament_cmake_args' from command line to 'None'
[0.300s] Level 5:colcon.colcon_core.verb:set package 'simple_ros2_machine' build argument 'catkin_cmake_args' from command line to 'None'
[0.300s] Level 5:colcon.colcon_core.verb:set package 'simple_ros2_machine' build argument 'catkin_skip_building_tests' from command line to 'False'
[0.300s] DEBUG:colcon.colcon_core.verb:Building package 'simple_ros2_machine' with the following arguments: {'ament_cmake_args': None, 'build_base': '/home/mvfs/Python_SM/Pytransitions/ROS2JJ/build/simple_ros2_machine', 'catkin_cmake_args': None, 'catkin_skip_building_tests': False, 'cmake_args': None, 'cmake_clean_cache': False, 'cmake_clean_first': False, 'cmake_force_configure': False, 'cmake_target': None, 'cmake_target_skip_unavailable': False, 'install_base': '/home/mvfs/Python_SM/Pytransitions/ROS2JJ/install/simple_ros2_machine', 'merge_install': False, 'path': '/home/mvfs/Python_SM/Pytransitions/ROS2JJ/src/simple_ros2_machine', 'symlink_install': False, 'test_result_base': None}
[0.300s] INFO:colcon.colcon_core.executor:Executing jobs using 'parallel' executor
[0.301s] DEBUG:colcon.colcon_parallel_executor.executor.parallel:run_until_complete
[0.302s] INFO:colcon.colcon_ros.task.ament_python.build:Building ROS package in '/home/mvfs/Python_SM/Pytransitions/ROS2JJ/src/Drone' with build type 'ament_python'
[0.302s] Level 1:colcon.colcon_core.shell:create_environment_hook('Drone', 'ament_prefix_path')
[0.304s] INFO:colcon.colcon_core.plugin_system:Skipping extension 'colcon_core.shell.bat': Not used on non-Windows systems
[0.304s] INFO:colcon.colcon_core.shell:Creating environment hook '/home/mvfs/Python_SM/Pytransitions/ROS2JJ/install/Drone/share/Drone/hook/ament_prefix_path.ps1'
[0.305s] INFO:colcon.colcon_core.shell:Creating environment descriptor '/home/mvfs/Python_SM/Pytransitions/ROS2JJ/install/Drone/share/Drone/hook/ament_prefix_path.dsv'
[0.305s] INFO:colcon.colcon_core.shell:Creating environment hook '/home/mvfs/Python_SM/Pytransitions/ROS2JJ/install/Drone/share/Drone/hook/ament_prefix_path.sh'
[0.306s] INFO:colcon.colcon_core.shell:Skip shell extension 'powershell' for command environment: Not usable outside of PowerShell
[0.306s] DEBUG:colcon.colcon_core.shell:Skip shell extension 'dsv' for command environment
[0.310s] INFO:colcon.colcon_ros.task.ament_python.build:Building ROS package in '/home/mvfs/Python_SM/Pytransitions/ROS2JJ/src/simple_ros2_machine' with build type 'ament_python'
[0.310s] Level 1:colcon.colcon_core.shell:create_environment_hook('simple_ros2_machine', 'ament_prefix_path')
[0.311s] INFO:colcon.colcon_core.shell:Creating environment hook '/home/mvfs/Python_SM/Pytransitions/ROS2JJ/install/simple_ros2_machine/share/simple_ros2_machine/hook/ament_prefix_path.ps1'
[0.311s] INFO:colcon.colcon_core.shell:Creating environment descriptor '/home/mvfs/Python_SM/Pytransitions/ROS2JJ/install/simple_ros2_machine/share/simple_ros2_machine/hook/ament_prefix_path.dsv'
[0.311s] INFO:colcon.colcon_core.shell:Creating environment hook '/home/mvfs/Python_SM/Pytransitions/ROS2JJ/install/simple_ros2_machine/share/simple_ros2_machine/hook/ament_prefix_path.sh'
[0.312s] INFO:colcon.colcon_core.shell:Skip shell extension 'powershell' for command environment: Not usable outside of PowerShell
[0.312s] DEBUG:colcon.colcon_core.shell:Skip shell extension 'dsv' for command environment
[0.581s] INFO:colcon.colcon_core.task.python.build:Building Python package in '/home/mvfs/Python_SM/Pytransitions/ROS2JJ/src/Drone'
[0.581s] INFO:colcon.colcon_core.shell:Skip shell extension 'powershell' for command environment: Not usable outside of PowerShell
[0.581s] DEBUG:colcon.colcon_core.shell:Skip shell extension 'dsv' for command environment
[0.942s] DEBUG:colcon.colcon_parallel_executor.executor.parallel:closing loop
[0.942s] DEBUG:colcon.colcon_parallel_executor.executor.parallel:loop closed
[0.942s] DEBUG:colcon.colcon_parallel_executor.executor.parallel:run_until_complete finished with 'Command '['/usr/bin/python3', '-c', 'import sys;from contextlib import suppress;exec("with suppress(ImportError):    from setuptools.extern.packaging.specifiers    import SpecifierSet");exec("with suppress(ImportError):    from packaging.specifiers import SpecifierSet");from distutils.core import run_setup;dist = run_setup(    \'setup.py\', script_args=(\'--dry-run\',), stop_after=\'config\');skip_keys = (\'cmdclass\', \'distclass\', \'ext_modules\', \'metadata\');data = {    key: value for key, value in dist.__dict__.items()     if (        not key.startswith(\'_\') and         not callable(value) and         key not in skip_keys and         key not in dist.display_option_names    )};data[\'metadata\'] = {    k: v for k, v in dist.metadata.__dict__.items()     if k not in (\'license_files\', \'provides_extras\')};sys.stdout.buffer.write(repr(data).encode(\'utf-8\'))']' returned non-zero exit status 1.'
[0.942s] DEBUG:colcon.colcon_core.event_reactor:joining thread
[0.948s] INFO:colcon.colcon_core.plugin_system:Skipping extension 'colcon_notification.desktop_notification.terminal_notifier': Not used on non-Darwin systems
[0.948s] INFO:colcon.colcon_core.plugin_system:Skipping extension 'colcon_notification.desktop_notification.win32': Not used on non-Windows systems
[0.949s] INFO:colcon.colcon_notification.desktop_notification:Sending desktop notification using 'notify2'
[0.976s] DEBUG:colcon.colcon_core.event_reactor:joined thread
[0.976s] INFO:colcon.colcon_core.shell:Creating prefix script '/home/mvfs/Python_SM/Pytransitions/ROS2JJ/install/local_setup.ps1'
[0.977s] INFO:colcon.colcon_core.shell:Creating prefix util module '/home/mvfs/Python_SM/Pytransitions/ROS2JJ/install/_local_setup_util_ps1.py'
[0.978s] INFO:colcon.colcon_core.shell:Creating prefix chain script '/home/mvfs/Python_SM/Pytransitions/ROS2JJ/install/setup.ps1'
[0.980s] INFO:colcon.colcon_core.shell:Creating prefix script '/home/mvfs/Python_SM/Pytransitions/ROS2JJ/install/local_setup.sh'
[0.980s] INFO:colcon.colcon_core.shell:Creating prefix util module '/home/mvfs/Python_SM/Pytransitions/ROS2JJ/install/_local_setup_util_sh.py'
[0.981s] INFO:colcon.colcon_core.shell:Creating prefix chain script '/home/mvfs/Python_SM/Pytransitions/ROS2JJ/install/setup.sh'
[0.982s] INFO:colcon.colcon_core.shell:Creating prefix script '/home/mvfs/Python_SM/Pytransitions/ROS2JJ/install/local_setup.bash'
[0.983s] INFO:colcon.colcon_core.shell:Creating prefix chain script '/home/mvfs/Python_SM/Pytransitions/ROS2JJ/install/setup.bash'
[0.985s] INFO:colcon.colcon_core.shell:Creating prefix script '/home/mvfs/Python_SM/Pytransitions/ROS2JJ/install/local_setup.zsh'
[0.985s] INFO:colcon.colcon_core.shell:Creating prefix chain script '/home/mvfs/Python_SM/Pytransitions/ROS2JJ/install/setup.zsh'
