running egg_info
writing ../../build/Drone/Drone.egg-info/PKG-INFO
writing dependency_links to ../../build/Drone/Drone.egg-info/dependency_links.txt
writing entry points to ../../build/Drone/Drone.egg-info/entry_points.txt
writing requirements to ../../build/Drone/Drone.egg-info/requires.txt
writing top-level names to ../../build/Drone/Drone.egg-info/top_level.txt
reading manifest file '../../build/Drone/Drone.egg-info/SOURCES.txt'
adding license file 'LICENSE'
writing manifest file '../../build/Drone/Drone.egg-info/SOURCES.txt'
running build
running build_py
running install
running install_lib
running install_data
running install_egg_info
removing '/home/mvfs/Python_SM/Pytransitions/ROS2JJ/install/Drone/lib/python3.12/site-packages/Drone-0.0.0-py3.12.egg-info' (and everything under it)
Copying ../../build/Drone/Drone.egg-info to /home/mvfs/Python_SM/Pytransitions/ROS2JJ/install/Drone/lib/python3.12/site-packages/Drone-0.0.0-py3.12.egg-info
running install_scripts
Installing PMSMROS script to /home/mvfs/Python_SM/Pytransitions/ROS2JJ/install/Drone/lib/Drone
writing list of installed files to '/home/mvfs/Python_SM/Pytransitions/ROS2JJ/build/Drone/install.log'
